<?xml version="1.0" encoding="UTF-8"?>
<testsuite name="com.skala.minutes.MinutesControllerTest" tests="3" skipped="0" failures="0" errors="0" timestamp="2026-08-31T07:22:10.391Z" hostname="choeganghuiui-MacBookPro.local" time="0.433">
  <properties/>
  <testcase name="정리_결과가_JSON_으로_나간다()" classname="com.skala.minutes.MinutesControllerTest" time="0.085"/>
  <testcase name="빈_회의록은_400_이다()" classname="com.skala.minutes.MinutesControllerTest" time="0.01"/>
  <testcase name="뼈대가_뜬다()" classname="com.skala.minutes.MinutesControllerTest" time="0.002"/>
  <system-out><![CDATA[2026-08-31T16:22:10.393+09:00  INFO 72005 --- [meeting-minutes] [    Test worker] t.c.s.AnnotationConfigContextLoaderUtils : Could not detect default configuration classes for test class [com.skala.minutes.MinutesControllerTest]: MinutesControllerTest does not declare any static, non-private, non-final, nested classes annotated with @Configuration.
2026-08-31T16:22:10.400+09:00  INFO 72005 --- [meeting-minutes] [    Test worker] .b.t.c.SpringBootTestContextBootstrapper : Found @SpringBootConfiguration com.skala.minutes.MinutesApplication for test class com.skala.minutes.MinutesControllerTest

  .   ____          _            __ _ _
 /\\ / ___'_ __ _ _(_)_ __  __ _ \ \ \ \
( ( )\___ | '_ | '_| | '_ \/ _` | \ \ \ \
 \\/  ___)| |_)| | | | | || (_| |  ) ) ) )
  '  |____| .__|_| |_|_| |_\__, | / / / /
 =========|_|==============|___/=/_/_/_/

 :: Spring Boot ::               (v3.5.16)

2026-08-31T16:22:10.412+09:00  INFO 72005 --- [meeting-minutes] [    Test worker] c.skala.minutes.MinutesControllerTest    : Starting MinutesControllerTest using Java 21.0.12.1 with PID 72005 (started by rkdgml in /Users/rkdgml/workspace/skala-springai/Day1_미니실습_회의록요약봇/starter)
2026-08-31T16:22:10.412+09:00 DEBUG 72005 --- [meeting-minutes] [    Test worker] c.skala.minutes.MinutesControllerTest    : Running with Spring Boot v3.5.16, Spring v6.2.19
2026-08-31T16:22:10.413+09:00  INFO 72005 --- [meeting-minutes] [    Test worker] c.skala.minutes.MinutesControllerTest    : No active profile set, falling back to 1 default profile: "default"
2026-08-31T16:22:10.575+09:00  INFO 72005 --- [meeting-minutes] [    Test worker] o.s.b.a.w.s.WelcomePageHandlerMapping    : Adding welcome page: class path resource [static/index.html]
2026-08-31T16:22:10.702+09:00  INFO 72005 --- [meeting-minutes] [    Test worker] o.s.b.t.m.w.SpringBootMockServletContext : Initializing Spring TestDispatcherServlet ''
2026-08-31T16:22:10.702+09:00  INFO 72005 --- [meeting-minutes] [    Test worker] o.s.t.web.servlet.TestDispatcherServlet  : Initializing Servlet ''
2026-08-31T16:22:10.703+09:00  INFO 72005 --- [meeting-minutes] [    Test worker] o.s.t.web.servlet.TestDispatcherServlet  : Completed initialization in 0 ms
2026-08-31T16:22:10.721+09:00  INFO 72005 --- [meeting-minutes] [    Test worker] c.skala.minutes.MinutesControllerTest    : Started MinutesControllerTest in 0.319 seconds (process running for 1.602)
]]></system-out>
  <system-err><![CDATA[]]></system-err>
</testsuite>
