<?xml version="1.0" encoding="UTF-8"?>
<testsuite name="com.skala.minutes.ApplicationContextTest" tests="1" skipped="0" failures="0" errors="0" timestamp="2026-08-31T07:22:09.362Z" hostname="choeganghuiui-MacBookPro.local" time="1.027">
  <properties/>
  <testcase name="키가_없어도_기동된다()" classname="com.skala.minutes.ApplicationContextTest" time="0.318"/>
  <system-out><![CDATA[16:22:09.408 [Test worker] INFO org.springframework.test.context.support.AnnotationConfigContextLoaderUtils -- Could not detect default configuration classes for test class [com.skala.minutes.ApplicationContextTest]: ApplicationContextTest does not declare any static, non-private, non-final, nested classes annotated with @Configuration.
16:22:09.451 [Test worker] INFO org.springframework.boot.test.context.SpringBootTestContextBootstrapper -- Found @SpringBootConfiguration com.skala.minutes.MinutesApplication for test class com.skala.minutes.ApplicationContextTest

  .   ____          _            __ _ _
 /\\ / ___'_ __ _ _(_)_ __  __ _ \ \ \ \
( ( )\___ | '_ | '_| | '_ \/ _` | \ \ \ \
 \\/  ___)| |_)| | | | | || (_| |  ) ) ) )
  '  |____| .__|_| |_|_| |_\__, | / / / /
 =========|_|==============|___/=/_/_/_/

 :: Spring Boot ::               (v3.5.16)

2026-08-31T16:22:09.596+09:00  INFO 72005 --- [meeting-minutes] [    Test worker] c.skala.minutes.ApplicationContextTest   : Starting ApplicationContextTest using Java 21.0.12.1 with PID 72005 (started by rkdgml in /Users/rkdgml/workspace/skala-springai/Day1_미니실습_회의록요약봇/starter)
2026-08-31T16:22:09.597+09:00 DEBUG 72005 --- [meeting-minutes] [    Test worker] c.skala.minutes.ApplicationContextTest   : Running with Spring Boot v3.5.16, Spring v6.2.19
2026-08-31T16:22:09.597+09:00  INFO 72005 --- [meeting-minutes] [    Test worker] c.skala.minutes.ApplicationContextTest   : No active profile set, falling back to 1 default profile: "default"
2026-08-31T16:22:09.967+09:00 ERROR 72005 --- [meeting-minutes] [    Test worker] i.n.r.d.DnsServerAddressStreamProviders  : Unable to load io.netty.resolver.dns.macos.MacOSDnsServerAddressStreamProvider, fallback to system defaults. This may result in incorrect DNS resolutions on MacOS. Check whether you have a dependency on 'io.netty:netty-resolver-dns-native-macos'. Use DEBUG level to see the full stack: java.lang.UnsatisfiedLinkError: failed to load the required native library
2026-08-31T16:22:10.069+09:00  INFO 72005 --- [meeting-minutes] [    Test worker] c.skala.minutes.ApplicationContextTest   : Started ApplicationContextTest in 0.57 seconds (process running for 0.949)
]]></system-out>
  <system-err><![CDATA[Mockito is currently self-attaching to enable the inline-mock-maker. This will no longer work in future releases of the JDK. Please add Mockito as an agent to your build as described in Mockito's documentation: https://javadoc.io/doc/org.mockito/mockito-core/latest/org.mockito/org/mockito/Mockito.html#0.3
WARNING: A Java agent has been loaded dynamically (/Users/rkdgml/.gradle/caches/modules-2/files-2.1/net.bytebuddy/byte-buddy-agent/1.17.8/f09415827a71be7ed621c7bd02550678f28bc81c/byte-buddy-agent-1.17.8.jar)
WARNING: If a serviceability tool is in use, please run with -XX:+EnableDynamicAgentLoading to hide this warning
WARNING: If a serviceability tool is not in use, please run with -Djdk.instrument.traceUsage for more information
WARNING: Dynamic loading of agents will be disallowed by default in a future release
]]></system-err>
</testsuite>
