<?xml version="1.0" encoding="UTF-8"?>
<testsuite name="STEP 1 · 요약을 만든다" tests="4" skipped="0" failures="0" errors="0" timestamp="2026-08-31T07:22:10.915Z" hostname="choeganghuiui-MacBookPro.local" time="0.004">
  <properties/>
  <testcase name="maxSentences_자리를_설정값으로_채운다()" classname="com.skala.minutes.StepTests$STEP1" time="0.002"/>
  <testcase name="모델_응답을_그대로_돌려준다()" classname="com.skala.minutes.StepTests$STEP1" time="0.001"/>
  <testcase name="회의록_본문을_user_로_넘긴다()" classname="com.skala.minutes.StepTests$STEP1" time="0.001"/>
  <testcase name="프롬프트_파일을_system_으로_넘긴다()" classname="com.skala.minutes.StepTests$STEP1" time="0.0"/>
  <system-out><![CDATA[]]></system-out>
  <system-err><![CDATA[]]></system-err>
</testsuite>
